<?xml version="1.0" encoding="UTF-8"?>
<!-- Generated by org.testng.reporters.JUnitReportReporter -->
<testsuite hostname="KairosHW0441" failures="0" tests="1" name="com.testscripts.TC_001SearchProductPage" time="33.152" errors="0" timestamp="2023-08-21T16:36:25 IST" skipped="0">
  <testcase classname="com.testscripts.TC_001SearchProductPage" name="searchMobileTest" time="33.152"/>
</testsuite> <!-- com.testscripts.TC_001SearchProductPage -->
