<?xml version="1.0" encoding="UTF-8"?>
<!-- Generated by org.testng.reporters.JUnitReportReporter -->
<testsuite hostname="KairosHW0441" failures="0" tests="1" name="com.testscripts.TC_002AddToCartPage" time="38.051" errors="0" timestamp="2023-08-21T16:36:25 IST" skipped="0">
  <testcase classname="com.testscripts.TC_002AddToCartPage" name="addToCartTest" time="38.051"/>
</testsuite> <!-- com.testscripts.TC_002AddToCartPage -->
