<?xml version="1.0" encoding="UTF-8"?>
<!-- Generated by org.testng.reporters.JUnitReportReporter -->
<testsuite hostname="KairosHW0441" failures="0" tests="1" name="com.testcases.LoginPage_TC" time="5.891" errors="0" timestamp="2023-08-02T17:41:33 IST" skipped="0">
  <testcase classname="com.testcases.LoginPage_TC" name="loginPageTest" time="5.891"/>
</testsuite> <!-- com.testcases.LoginPage_TC -->
