<?xml version="1.0" encoding="UTF-8"?>
<!-- Generated by org.testng.reporters.JUnitReportReporter -->
<testsuite hostname="KairosHW0441" failures="0" tests="1" name="com.testcases.SearchMobile_TC001" time="29.223" errors="0" timestamp="2023-08-03T09:37:13 IST" skipped="0">
  <testcase classname="com.testcases.SearchMobile_TC001" name="SearchMobileTest" time="29.223"/>
</testsuite> <!-- com.testcases.SearchMobile_TC001 -->
