<?xml version="1.0" encoding="UTF-8"?>
<!-- Generated by org.testng.reporters.JUnitReportReporter -->
<testsuite hostname="KairosHW0441" failures="0" tests="1" name="com.testcases.TC_002AddToCartPage" time="37.867" errors="0" timestamp="2023-08-07T18:08:38 IST" skipped="0">
  <testcase classname="com.testcases.TC_002AddToCartPage" name="addToCartTest" time="37.867"/>
</testsuite> <!-- com.testcases.TC_002AddToCartPage -->
