<?xml version="1.0" encoding="UTF-8"?>
<!-- Generated by org.testng.reporters.JUnitReportReporter -->
<testsuite hostname="KairosHW0441" failures="0" tests="1" name="com.testcases.TC_001SearchProductPage" time="31.429" errors="0" timestamp="2023-08-08T10:45:56 IST" skipped="0">
  <testcase classname="com.testcases.TC_001SearchProductPage" name="searchMobileTest" time="31.429"/>
</testsuite> <!-- com.testcases.TC_001SearchProductPage -->
