<?xml version="1.0" encoding="UTF-8"?>
<!-- Generated by org.testng.reporters.JUnitReportReporter -->
<testsuite hostname="KairosHW0441" failures="0" tests="1" name="com.baseclass.BaseClass" time="10.841" errors="0" timestamp="2023-08-02T11:18:03 IST" skipped="0">
  <testcase classname="com.baseclass.BaseClass" name="setUp" time="10.841"/>
</testsuite> <!-- com.baseclass.BaseClass -->
