<?xml version="1.0" encoding="UTF-8"?>
<!-- Generated by org.testng.reporters.JUnitReportReporter -->
<testsuite hostname="KairosHW0441" failures="0" tests="1" name="com.testcases.TC_002AddToCart" time="35.848" errors="0" timestamp="2023-08-04T11:59:06 IST" skipped="0">
  <testcase classname="com.testcases.TC_002AddToCart" name="addToCartTest" time="35.848"/>
</testsuite> <!-- com.testcases.TC_002AddToCart -->
