<?xml version="1.0" encoding="UTF-8"?>
<!-- Generated by org.testng.reporters.JUnitReportReporter -->
<testsuite hostname="KairosHW0441" failures="0" tests="1" name="com.testcases.SearchMobile_TC" time="19.664" errors="0" timestamp="2023-08-03T06:59:16 IST" skipped="0">
  <testcase classname="com.testcases.SearchMobile_TC" name="SearchMobileTest" time="19.664"/>
</testsuite> <!-- com.testcases.SearchMobile_TC -->
